2026-03-08 16:57:43  INFO      root  === Manual / one-time ingestion run (logs → /home/runner/work/RAG/RAG/logs/scheduler.log) ===
2026-03-08 16:57:43  INFO      scheduler.job  === Starting daily ingestion (attempt 1/3) ===
2026-03-08 16:57:43  INFO      phase1_data_ingestion.run_ingestion  Starting full ingestion pipeline for 10 funds
2026-03-08 16:57:45  INFO      phase1_data_ingestion.scraper  Scraping [1/10]: https://groww.in/mutual-funds/quant-small-cap-fund-direct-plan-growth
2026-03-08 16:57:54  INFO      phase1_data_ingestion.scraper    ↳ Saved → /home/runner/work/RAG/RAG/data/raw/quant-small-cap-fund.html
2026-03-08 16:57:54  INFO      phase1_data_ingestion.scraper  Throttling: waiting 3s before next request
2026-03-08 16:57:57  INFO      phase1_data_ingestion.scraper  Scraping [2/10]: https://groww.in/mutual-funds/quant-infrastructure-fund-direct-growth
2026-03-08 16:58:04  INFO      phase1_data_ingestion.scraper    ↳ Saved → /home/runner/work/RAG/RAG/data/raw/quant-infrastructure-fund.html
2026-03-08 16:58:04  INFO      phase1_data_ingestion.scraper  Throttling: waiting 3s before next request
2026-03-08 16:58:07  INFO      phase1_data_ingestion.scraper  Scraping [3/10]: https://groww.in/mutual-funds/quant-flexi-cap-fund-direct-growth
2026-03-08 16:58:14  INFO      phase1_data_ingestion.scraper    ↳ Saved → /home/runner/work/RAG/RAG/data/raw/quant-flexi-cap-fund.html
2026-03-08 16:58:14  INFO      phase1_data_ingestion.scraper  Throttling: waiting 3s before next request
2026-03-08 16:58:17  INFO      phase1_data_ingestion.scraper  Scraping [4/10]: https://groww.in/mutual-funds/quant-elss-tax-saver-fund-direct-growth
2026-03-08 16:58:24  INFO      phase1_data_ingestion.scraper    ↳ Saved → /home/runner/work/RAG/RAG/data/raw/quant-elss-tax-saver-fund.html
2026-03-08 16:58:24  INFO      phase1_data_ingestion.scraper  Throttling: waiting 3s before next request
2026-03-08 16:58:27  INFO      phase1_data_ingestion.scraper  Scraping [5/10]: https://groww.in/mutual-funds/quant-large-cap-fund-direct-growth
2026-03-08 16:58:34  INFO      phase1_data_ingestion.scraper    ↳ Saved → /home/runner/work/RAG/RAG/data/raw/quant-large-cap-fund.html
2026-03-08 16:58:34  INFO      phase1_data_ingestion.scraper  Throttling: waiting 3s before next request
2026-03-08 16:58:37  INFO      phase1_data_ingestion.scraper  Scraping [6/10]: https://groww.in/mutual-funds/quant-esg-integration-strategy-fund-direct-growth
2026-03-08 16:58:43  INFO      phase1_data_ingestion.scraper    ↳ Saved → /home/runner/work/RAG/RAG/data/raw/quant-esg-integration-strategy-fund.html
2026-03-08 16:58:43  INFO      phase1_data_ingestion.scraper  Throttling: waiting 3s before next request
2026-03-08 16:58:46  INFO      phase1_data_ingestion.scraper  Scraping [7/10]: https://groww.in/mutual-funds/quant-mid-cap-fund-direct-growth
2026-03-08 16:58:54  INFO      phase1_data_ingestion.scraper    ↳ Saved → /home/runner/work/RAG/RAG/data/raw/quant-mid-cap-fund.html
2026-03-08 16:58:54  INFO      phase1_data_ingestion.scraper  Throttling: waiting 3s before next request
2026-03-08 16:58:57  INFO      phase1_data_ingestion.scraper  Scraping [8/10]: https://groww.in/mutual-funds/quant-multi-cap-fund-direct-growth
2026-03-08 16:59:03  INFO      phase1_data_ingestion.scraper    ↳ Saved → /home/runner/work/RAG/RAG/data/raw/quant-multi-cap-fund.html
2026-03-08 16:59:03  INFO      phase1_data_ingestion.scraper  Throttling: waiting 3s before next request
2026-03-08 16:59:06  INFO      phase1_data_ingestion.scraper  Scraping [9/10]: https://groww.in/mutual-funds/quant-aggressive-hybrid-fund-direct-growth
2026-03-08 16:59:13  INFO      phase1_data_ingestion.scraper    ↳ Saved → /home/runner/work/RAG/RAG/data/raw/quant-aggressive-hybrid-fund.html
2026-03-08 16:59:13  INFO      phase1_data_ingestion.scraper  Throttling: waiting 3s before next request
2026-03-08 16:59:16  INFO      phase1_data_ingestion.scraper  Scraping [10/10]: https://groww.in/mutual-funds/quant-focused-fund-direct-growth
2026-03-08 16:59:23  INFO      phase1_data_ingestion.scraper    ↳ Saved → /home/runner/work/RAG/RAG/data/raw/quant-focused-fund.html
2026-03-08 16:59:23  INFO      phase1_data_ingestion.scraper  Scraping complete. 10/10 pages saved.
2026-03-08 16:59:24  INFO      phase1_data_ingestion.parser  Parsed Quant Small Cap Fund Direct Plan Growth — 101 holdings, 7 managers, 8 FAQs
2026-03-08 16:59:24  INFO      phase1_data_ingestion.storage  Saved processed data → /home/runner/work/RAG/RAG/data/processed/quant-small-cap-fund.json
2026-03-08 16:59:24  INFO      phase1_data_ingestion.parser  Parsed Quant Infrastructure Fund Direct Growth — 38 holdings, 8 managers, 8 FAQs
2026-03-08 16:59:24  INFO      phase1_data_ingestion.storage  Saved processed data → /home/runner/work/RAG/RAG/data/processed/quant-infrastructure-fund.json
2026-03-08 16:59:24  INFO      phase1_data_ingestion.parser  Parsed Quant Flexi Cap Fund Direct Growth — 38 holdings, 8 managers, 8 FAQs
2026-03-08 16:59:24  INFO      phase1_data_ingestion.storage  Saved processed data → /home/runner/work/RAG/RAG/data/processed/quant-flexi-cap-fund.json
2026-03-08 16:59:24  INFO      phase1_data_ingestion.parser  Parsed Quant ELSS Tax Saver Fund Direct Growth — 29 holdings, 7 managers, 8 FAQs
2026-03-08 16:59:24  INFO      phase1_data_ingestion.storage  Saved processed data → /home/runner/work/RAG/RAG/data/processed/quant-elss-tax-saver-fund.json
2026-03-08 16:59:24  INFO      phase1_data_ingestion.parser  Parsed Quant Large Cap Fund Direct Growth — 35 holdings, 8 managers, 8 FAQs
2026-03-08 16:59:24  INFO      phase1_data_ingestion.storage  Saved processed data → /home/runner/work/RAG/RAG/data/processed/quant-large-cap-fund.json
2026-03-08 16:59:24  INFO      phase1_data_ingestion.parser  Parsed Quant ESG Integration Strategy Fund Direct Growth — 24 holdings, 7 managers, 8 FAQs
2026-03-08 16:59:24  INFO      phase1_data_ingestion.storage  Saved processed data → /home/runner/work/RAG/RAG/data/processed/quant-esg-integration-strategy-fund.json
2026-03-08 16:59:24  INFO      phase1_data_ingestion.parser  Parsed Quant Mid Cap Fund Direct Growth — 33 holdings, 7 managers, 8 FAQs
2026-03-08 16:59:24  INFO      phase1_data_ingestion.storage  Saved processed data → /home/runner/work/RAG/RAG/data/processed/quant-mid-cap-fund.json
2026-03-08 16:59:24  INFO      phase1_data_ingestion.parser  Parsed Quant Multi Cap Fund Direct Growth — 67 holdings, 8 managers, 8 FAQs
2026-03-08 16:59:24  INFO      phase1_data_ingestion.storage  Saved processed data → /home/runner/work/RAG/RAG/data/processed/quant-multi-cap-fund.json
2026-03-08 16:59:25  INFO      phase1_data_ingestion.parser  Parsed Quant Aggressive Hybrid Fund Direct Growth — 28 holdings, 8 managers, 8 FAQs
2026-03-08 16:59:25  INFO      phase1_data_ingestion.storage  Saved processed data → /home/runner/work/RAG/RAG/data/processed/quant-aggressive-hybrid-fund.json
2026-03-08 16:59:25  INFO      phase1_data_ingestion.parser  Parsed Quant Focused Fund Direct Growth — 26 holdings, 8 managers, 8 FAQs
2026-03-08 16:59:25  INFO      phase1_data_ingestion.storage  Saved processed data → /home/runner/work/RAG/RAG/data/processed/quant-focused-fund.json
2026-03-08 16:59:25  INFO      phase1_data_ingestion.storage  Saved combined data (10 funds) → /home/runner/work/RAG/RAG/data/processed/all_funds.json
2026-03-08 16:59:25  INFO      phase1_data_ingestion.run_ingestion  Pipeline complete. 10 funds ingested.
2026-03-08 16:59:25  INFO      scheduler.job  Phase 1 pipeline completed successfully.
2026-03-08 16:59:31  INFO      sentence_transformers.SentenceTransformer  Use pytorch device_name: cpu
2026-03-08 16:59:31  INFO      sentence_transformers.SentenceTransformer  Load pretrained SentenceTransformer: sentence-transformers/all-MiniLM-L6-v2
2026-03-08 16:59:31  INFO      httpx  HTTP Request: HEAD https://huggingface.co/sentence-transformers/all-MiniLM-L6-v2/resolve/main/modules.json "HTTP/1.1 307 Temporary Redirect"
2026-03-08 16:59:31  INFO      httpx  HTTP Request: HEAD https://huggingface.co/api/resolve-cache/models/sentence-transformers/all-MiniLM-L6-v2/c9745ed1d9f207416be6d2e6f8de32d1f16199bf/modules.json "HTTP/1.1 200 OK"
2026-03-08 16:59:31  INFO      httpx  HTTP Request: GET https://huggingface.co/api/resolve-cache/models/sentence-transformers/all-MiniLM-L6-v2/c9745ed1d9f207416be6d2e6f8de32d1f16199bf/modules.json "HTTP/1.1 200 OK"
2026-03-08 16:59:31  INFO      httpx  HTTP Request: HEAD https://huggingface.co/sentence-transformers/all-MiniLM-L6-v2/resolve/main/config_sentence_transformers.json "HTTP/1.1 307 Temporary Redirect"
2026-03-08 16:59:31  INFO      httpx  HTTP Request: HEAD https://huggingface.co/api/resolve-cache/models/sentence-transformers/all-MiniLM-L6-v2/c9745ed1d9f207416be6d2e6f8de32d1f16199bf/config_sentence_transformers.json "HTTP/1.1 200 OK"
2026-03-08 16:59:31  INFO      httpx  HTTP Request: GET https://huggingface.co/api/resolve-cache/models/sentence-transformers/all-MiniLM-L6-v2/c9745ed1d9f207416be6d2e6f8de32d1f16199bf/config_sentence_transformers.json "HTTP/1.1 200 OK"
2026-03-08 16:59:31  INFO      httpx  HTTP Request: HEAD https://huggingface.co/sentence-transformers/all-MiniLM-L6-v2/resolve/main/config_sentence_transformers.json "HTTP/1.1 307 Temporary Redirect"
2026-03-08 16:59:31  INFO      httpx  HTTP Request: HEAD https://huggingface.co/api/resolve-cache/models/sentence-transformers/all-MiniLM-L6-v2/c9745ed1d9f207416be6d2e6f8de32d1f16199bf/config_sentence_transformers.json "HTTP/1.1 200 OK"
2026-03-08 16:59:31  INFO      httpx  HTTP Request: HEAD https://huggingface.co/sentence-transformers/all-MiniLM-L6-v2/resolve/main/README.md "HTTP/1.1 307 Temporary Redirect"
2026-03-08 16:59:31  WARNING   huggingface_hub.utils._http  Warning: You are sending unauthenticated requests to the HF Hub. Please set a HF_TOKEN to enable higher rate limits and faster downloads.
2026-03-08 16:59:31  INFO      httpx  HTTP Request: HEAD https://huggingface.co/api/resolve-cache/models/sentence-transformers/all-MiniLM-L6-v2/c9745ed1d9f207416be6d2e6f8de32d1f16199bf/README.md "HTTP/1.1 200 OK"
2026-03-08 16:59:31  INFO      httpx  HTTP Request: GET https://huggingface.co/api/resolve-cache/models/sentence-transformers/all-MiniLM-L6-v2/c9745ed1d9f207416be6d2e6f8de32d1f16199bf/README.md "HTTP/1.1 200 OK"
2026-03-08 16:59:31  INFO      httpx  HTTP Request: HEAD https://huggingface.co/sentence-transformers/all-MiniLM-L6-v2/resolve/main/modules.json "HTTP/1.1 307 Temporary Redirect"
2026-03-08 16:59:31  INFO      httpx  HTTP Request: HEAD https://huggingface.co/api/resolve-cache/models/sentence-transformers/all-MiniLM-L6-v2/c9745ed1d9f207416be6d2e6f8de32d1f16199bf/modules.json "HTTP/1.1 200 OK"
2026-03-08 16:59:31  INFO      httpx  HTTP Request: HEAD https://huggingface.co/sentence-transformers/all-MiniLM-L6-v2/resolve/main/sentence_bert_config.json "HTTP/1.1 307 Temporary Redirect"
2026-03-08 16:59:31  INFO      httpx  HTTP Request: HEAD https://huggingface.co/api/resolve-cache/models/sentence-transformers/all-MiniLM-L6-v2/c9745ed1d9f207416be6d2e6f8de32d1f16199bf/sentence_bert_config.json "HTTP/1.1 200 OK"
2026-03-08 16:59:31  INFO      httpx  HTTP Request: GET https://huggingface.co/api/resolve-cache/models/sentence-transformers/all-MiniLM-L6-v2/c9745ed1d9f207416be6d2e6f8de32d1f16199bf/sentence_bert_config.json "HTTP/1.1 200 OK"
2026-03-08 16:59:31  INFO      httpx  HTTP Request: HEAD https://huggingface.co/sentence-transformers/all-MiniLM-L6-v2/resolve/main/adapter_config.json "HTTP/1.1 404 Not Found"
2026-03-08 16:59:31  INFO      httpx  HTTP Request: HEAD https://huggingface.co/sentence-transformers/all-MiniLM-L6-v2/resolve/main/config.json "HTTP/1.1 307 Temporary Redirect"
2026-03-08 16:59:31  INFO      httpx  HTTP Request: HEAD https://huggingface.co/api/resolve-cache/models/sentence-transformers/all-MiniLM-L6-v2/c9745ed1d9f207416be6d2e6f8de32d1f16199bf/config.json "HTTP/1.1 200 OK"
2026-03-08 16:59:31  INFO      httpx  HTTP Request: GET https://huggingface.co/api/resolve-cache/models/sentence-transformers/all-MiniLM-L6-v2/c9745ed1d9f207416be6d2e6f8de32d1f16199bf/config.json "HTTP/1.1 200 OK"
2026-03-08 16:59:31  INFO      httpx  HTTP Request: HEAD https://huggingface.co/sentence-transformers/all-MiniLM-L6-v2/resolve/main/model.safetensors "HTTP/1.1 302 Found"
2026-03-08 16:59:31  INFO      httpx  HTTP Request: GET https://huggingface.co/api/models/sentence-transformers/all-MiniLM-L6-v2/xet-read-token/c9745ed1d9f207416be6d2e6f8de32d1f16199bf "HTTP/1.1 200 OK"
2026-03-08 16:59:32  WARNING   transformers.modeling_utils  [1mBertModel LOAD REPORT[0m from: sentence-transformers/all-MiniLM-L6-v2
Key                     | Status     |  | 
------------------------+------------+--+-
embeddings.position_ids | UNEXPECTED |  | 

[3mNotes:
- UNEXPECTED[3m	:can be ignored when loading from different task/architecture; not ok if you expect identical arch.[0m
2026-03-08 16:59:32  INFO      httpx  HTTP Request: HEAD https://huggingface.co/sentence-transformers/all-MiniLM-L6-v2/resolve/main/config.json "HTTP/1.1 307 Temporary Redirect"
2026-03-08 16:59:32  INFO      httpx  HTTP Request: HEAD https://huggingface.co/api/resolve-cache/models/sentence-transformers/all-MiniLM-L6-v2/c9745ed1d9f207416be6d2e6f8de32d1f16199bf/config.json "HTTP/1.1 200 OK"
2026-03-08 16:59:32  INFO      httpx  HTTP Request: HEAD https://huggingface.co/sentence-transformers/all-MiniLM-L6-v2/resolve/main/tokenizer_config.json "HTTP/1.1 307 Temporary Redirect"
2026-03-08 16:59:32  INFO      httpx  HTTP Request: HEAD https://huggingface.co/api/resolve-cache/models/sentence-transformers/all-MiniLM-L6-v2/c9745ed1d9f207416be6d2e6f8de32d1f16199bf/tokenizer_config.json "HTTP/1.1 200 OK"
2026-03-08 16:59:32  INFO      httpx  HTTP Request: GET https://huggingface.co/api/resolve-cache/models/sentence-transformers/all-MiniLM-L6-v2/c9745ed1d9f207416be6d2e6f8de32d1f16199bf/tokenizer_config.json "HTTP/1.1 200 OK"
2026-03-08 16:59:32  INFO      httpx  HTTP Request: GET https://huggingface.co/api/models/sentence-transformers/all-MiniLM-L6-v2/tree/main/additional_chat_templates?recursive=false&expand=false "HTTP/1.1 404 Not Found"
2026-03-08 16:59:33  INFO      httpx  HTTP Request: GET https://huggingface.co/api/models/sentence-transformers/all-MiniLM-L6-v2/tree/main?recursive=true&expand=false "HTTP/1.1 200 OK"
2026-03-08 16:59:33  INFO      httpx  HTTP Request: HEAD https://huggingface.co/sentence-transformers/all-MiniLM-L6-v2/resolve/main/vocab.txt "HTTP/1.1 307 Temporary Redirect"
2026-03-08 16:59:33  INFO      httpx  HTTP Request: HEAD https://huggingface.co/api/resolve-cache/models/sentence-transformers/all-MiniLM-L6-v2/c9745ed1d9f207416be6d2e6f8de32d1f16199bf/vocab.txt "HTTP/1.1 200 OK"
2026-03-08 16:59:33  INFO      httpx  HTTP Request: GET https://huggingface.co/api/resolve-cache/models/sentence-transformers/all-MiniLM-L6-v2/c9745ed1d9f207416be6d2e6f8de32d1f16199bf/vocab.txt "HTTP/1.1 200 OK"
2026-03-08 16:59:33  INFO      httpx  HTTP Request: HEAD https://huggingface.co/sentence-transformers/all-MiniLM-L6-v2/resolve/main/tokenizer.json "HTTP/1.1 307 Temporary Redirect"
2026-03-08 16:59:33  INFO      httpx  HTTP Request: HEAD https://huggingface.co/api/resolve-cache/models/sentence-transformers/all-MiniLM-L6-v2/c9745ed1d9f207416be6d2e6f8de32d1f16199bf/tokenizer.json "HTTP/1.1 200 OK"
2026-03-08 16:59:33  INFO      httpx  HTTP Request: GET https://huggingface.co/api/resolve-cache/models/sentence-transformers/all-MiniLM-L6-v2/c9745ed1d9f207416be6d2e6f8de32d1f16199bf/tokenizer.json "HTTP/1.1 200 OK"
2026-03-08 16:59:33  INFO      httpx  HTTP Request: HEAD https://huggingface.co/sentence-transformers/all-MiniLM-L6-v2/resolve/main/added_tokens.json "HTTP/1.1 404 Not Found"
2026-03-08 16:59:33  INFO      httpx  HTTP Request: HEAD https://huggingface.co/sentence-transformers/all-MiniLM-L6-v2/resolve/main/special_tokens_map.json "HTTP/1.1 307 Temporary Redirect"
2026-03-08 16:59:33  INFO      httpx  HTTP Request: HEAD https://huggingface.co/api/resolve-cache/models/sentence-transformers/all-MiniLM-L6-v2/c9745ed1d9f207416be6d2e6f8de32d1f16199bf/special_tokens_map.json "HTTP/1.1 200 OK"
2026-03-08 16:59:33  INFO      httpx  HTTP Request: GET https://huggingface.co/api/resolve-cache/models/sentence-transformers/all-MiniLM-L6-v2/c9745ed1d9f207416be6d2e6f8de32d1f16199bf/special_tokens_map.json "HTTP/1.1 200 OK"
2026-03-08 16:59:33  INFO      httpx  HTTP Request: HEAD https://huggingface.co/sentence-transformers/all-MiniLM-L6-v2/resolve/main/chat_template.jinja "HTTP/1.1 404 Not Found"
2026-03-08 16:59:33  INFO      httpx  HTTP Request: HEAD https://huggingface.co/sentence-transformers/all-MiniLM-L6-v2/resolve/main/1_Pooling/config.json "HTTP/1.1 307 Temporary Redirect"
2026-03-08 16:59:33  INFO      httpx  HTTP Request: HEAD https://huggingface.co/api/resolve-cache/models/sentence-transformers/all-MiniLM-L6-v2/c9745ed1d9f207416be6d2e6f8de32d1f16199bf/1_Pooling%2Fconfig.json "HTTP/1.1 200 OK"
2026-03-08 16:59:33  INFO      httpx  HTTP Request: GET https://huggingface.co/api/resolve-cache/models/sentence-transformers/all-MiniLM-L6-v2/c9745ed1d9f207416be6d2e6f8de32d1f16199bf/1_Pooling%2Fconfig.json "HTTP/1.1 200 OK"
2026-03-08 16:59:33  INFO      httpx  HTTP Request: GET https://huggingface.co/api/models/sentence-transformers/all-MiniLM-L6-v2 "HTTP/1.1 200 OK"
2026-03-08 16:59:40  INFO      scheduler.job  Phase 4 index build completed. Indexed 160 chunks.
2026-03-08 16:59:40  INFO      scheduler.job  Wrote last_updated metadata → /home/runner/work/RAG/RAG/data/last_updated.json
2026-03-08 16:59:40  INFO      scheduler.job  === Daily ingestion finished successfully ===
2026-03-08 16:59:40  INFO      root  === Ingestion succeeded ===
